Using pre-set license
Built from '2020.3/release' branch; Version is '2020.3.12f1 (b3b2c6512326) revision 11776710'; Using compiler version '192528614'; Build Type 'Release'
OS: 'Windows 10 Pro; OS build 19041.1348; Version 2004; 64bit' Language: 'en' Physical Memory: 24567 MB
BatchMode: 1, IsHumanControllingUs: 0, StartBugReporterOnCrash: 0, Is64bit: 1, IsPro: 0

 COMMAND LINE ARGUMENTS:
C:\Program Files\Unity\Hub\Editor\2020.3.12f1\Editor\Unity.exe
-adb2
-batchMode
-noUpm
-name
AssetImportWorker0
-projectPath
C:/Users/Eric's Slave/Documents/GitHub/CYH2021/Zen Garden Game
-logFile
Logs/AssetImportWorker0.log
-srvPort
53160
Successfully changed project path to: C:/Users/Eric's Slave/Documents/GitHub/CYH2021/Zen Garden Game
C:/Users/Eric's Slave/Documents/GitHub/CYH2021/Zen Garden Game
Using Asset Import Pipeline V2.
Refreshing native plugins compatible for Editor in 132.83 ms, found 2 plugins.
Preloading 0 native plugins for Editor in 0.00 ms.
Initialize engine version: 2020.3.12f1 (b3b2c6512326)
[Subsystems] Discovering subsystems at path C:/Program Files/Unity/Hub/Editor/2020.3.12f1/Editor/Data/Resources/UnitySubsystems
[Subsystems] Discovering subsystems at path C:/Users/Eric's Slave/Documents/GitHub/CYH2021/Zen Garden Game/Assets
GfxDevice: creating device client; threaded=0
Direct3D:
    Version:  Direct3D 11.0 [level 11.0]
    Renderer: AMD Radeon HD 5800 Series (ID=0x6898)
    Vendor:   
    VRAM:     1010 MB
    Driver:   15.200.1062.1004
Shader 'Universal Render Pipeline/Particles/Lit': fallback shader 'Universal Render Pipeline/Particles/SimpleLit' not found
Initialize mono
Mono path[0] = 'C:/Program Files/Unity/Hub/Editor/2020.3.12f1/Editor/Data/Managed'
Mono path[1] = 'C:/Program Files/Unity/Hub/Editor/2020.3.12f1/Editor/Data/MonoBleedingEdge/lib/mono/unityjit'
Mono config path = 'C:/Program Files/Unity/Hub/Editor/2020.3.12f1/Editor/Data/MonoBleedingEdge/etc'
Using monoOptions --debugger-agent=transport=dt_socket,embedding=1,server=y,suspend=n,address=127.0.0.1:56376
Begin MonoManager ReloadAssembly
Registering precompiled unity dll's ...
Register platform support module: C:/Program Files/Unity/Hub/Editor/2020.3.12f1/Editor/Data/PlaybackEngines/WindowsStandaloneSupport/UnityEditor.WindowsStandalone.Extensions.dll
Registered in 0.004210 seconds.
Native extension for WindowsStandalone target not found
Refreshing native plugins compatible for Editor in 126.34 ms, found 2 plugins.
Preloading 0 native plugins for Editor in 0.00 ms.
Mono: successfully reloaded assembly
- Completed reload, in  2.098 seconds
Platform modules already initialized, skipping
Registering precompiled user dll's ...
Registered in 0.009579 seconds.
Begin MonoManager ReloadAssembly
Native extension for WindowsStandalone target not found
Refreshing native plugins compatible for Editor in 132.52 ms, found 2 plugins.
Preloading 0 native plugins for Editor in 0.00 ms.
Mono: successfully reloaded assembly
- Completed reload, in  2.175 seconds
Platform modules already initialized, skipping
========================================================================
Worker process is ready to serve import requests
Shader 'Universal Render Pipeline/Particles/Lit': fallback shader 'Universal Render Pipeline/Particles/SimpleLit' not found
Launched and connected shader compiler UnityShaderCompiler.exe after 0.05 seconds
Refreshing native plugins compatible for Editor in 1.27 ms, found 2 plugins.
Preloading 0 native plugins for Editor in 0.00 ms.
Unloading 3369 Unused Serialized files (Serialized files now loaded: 0)
System memory in use before: 183.7 MB.
System memory in use after: 183.4 MB.

Unloading 23 unused Assets to reduce memory usage. Loaded Objects now: 3828.
Total: 4.996300 ms (FindLiveObjects: 0.469700 ms CreateObjectMapping: 0.217500 ms MarkObjects: 3.602900 ms  DeleteObjects: 0.703800 ms)

AssetImportParameters requested are different than current active one (requested -> active):
  custom:framework-win-MediaFoundation: 216162199b28c13a410421893ffa2e32 -> 
  custom:video-decoder-ogg-theora: a1e56fd34408186e4bbccfd4996cb3dc -> 
  custom:container-muxer-webm: aa71ff27fc2769a1b78a27578f13a17b -> 
  custom:container-demuxer-webm: 4f35f7cbe854078d1ac9338744f61a02 -> 
  custom:container-demuxer-ogg: 62fdf1f143b41e24485cea50d1cbac27 -> 
  custom:video-encoder-webm-vp8: eb34c28f22e8b96e1ab97ce403110664 -> 
  custom:video-decoder-webm-vp8: 9c59270c3fd7afecdb556c50c9e8de78 -> 
  custom:audio-decoder-ogg-vorbis: bf7c407c2cedff20999df2af8eb42d56 -> 
  custom:audio-encoder-webm-vorbis: bf7c407c2cedff20999df2af8eb42d56 -> 
========================================================================
Received Import Request.
  path: Assets/IndentSurface/Materials/rake.prefab
  artifactKey: Guid(8980dfc18e54b774487b1387e41ab227) Importer(815301076,1909f56bfc062723c751e8b465ee728b)
Start importing Assets/IndentSurface/Materials/rake.prefab using Guid(8980dfc18e54b774487b1387e41ab227) Importer(815301076,1909f56bfc062723c751e8b465ee728b)  -> (artifact id: '09a39bee4fb7e04fb46ab2f0ef48f092') in 0.203972 seconds 
  Import took 0.214227 seconds .

========================================================================
Received Prepare
Registering precompiled user dll's ...
Registered in 0.018711 seconds.
Begin MonoManager ReloadAssembly
Native extension for WindowsStandalone target not found
Refreshing native plugins compatible for Editor in 1.24 ms, found 2 plugins.
Preloading 0 native plugins for Editor in 0.00 ms.
Mono: successfully reloaded assembly
- Completed reload, in  1.901 seconds
Platform modules already initialized, skipping
Shader 'Universal Render Pipeline/Particles/Lit': fallback shader 'Universal Render Pipeline/Particles/SimpleLit' not found
Refreshing native plugins compatible for Editor in 1.25 ms, found 2 plugins.
Preloading 0 native plugins for Editor in 0.00 ms.
Unloading 3171 Unused Serialized files (Serialized files now loaded: 0)
System memory in use before: 167.7 MB.
System memory in use after: 167.4 MB.

Unloading 18 unused Assets to reduce memory usage. Loaded Objects now: 3839.
Total: 5.184800 ms (FindLiveObjects: 0.768400 ms CreateObjectMapping: 0.240000 ms MarkObjects: 3.519500 ms  DeleteObjects: 0.654000 ms)

AssetImportParameters requested are different than current active one (requested -> active):
  custom:framework-win-MediaFoundation: 216162199b28c13a410421893ffa2e32 -> 
  custom:video-decoder-ogg-theora: a1e56fd34408186e4bbccfd4996cb3dc -> 
  custom:container-muxer-webm: aa71ff27fc2769a1b78a27578f13a17b -> 
  custom:container-demuxer-webm: 4f35f7cbe854078d1ac9338744f61a02 -> 
  custom:container-demuxer-ogg: 62fdf1f143b41e24485cea50d1cbac27 -> 
  custom:video-encoder-webm-vp8: eb34c28f22e8b96e1ab97ce403110664 -> 
  custom:video-decoder-webm-vp8: 9c59270c3fd7afecdb556c50c9e8de78 -> 
  custom:audio-decoder-ogg-vorbis: bf7c407c2cedff20999df2af8eb42d56 -> 
  custom:audio-encoder-webm-vorbis: bf7c407c2cedff20999df2af8eb42d56 -> 
========================================================================
Received Import Request.
  Time since last request: 382.919063 seconds.
  path: Assets/IndentSurface/Scripts/RayCast.cs
  artifactKey: Guid(3c82cfdde1ba8f94c807d4d7b1627cbc) Importer(815301076,1909f56bfc062723c751e8b465ee728b)
Start importing Assets/IndentSurface/Scripts/RayCast.cs using Guid(3c82cfdde1ba8f94c807d4d7b1627cbc) Importer(815301076,1909f56bfc062723c751e8b465ee728b)  -> (artifact id: '5e0f1818768b0c0609df050345bcfcb0') in 0.032357 seconds 
  Import took 0.041692 seconds .

========================================================================
Received Import Request.
  Time since last request: 24.400579 seconds.
  path: Assets/IndentSurface/Scripts/RakeM.cs
  artifactKey: Guid(ea76193f4d89a9a41aa19d412331a28e) Importer(815301076,1909f56bfc062723c751e8b465ee728b)
Start importing Assets/IndentSurface/Scripts/RakeM.cs using Guid(ea76193f4d89a9a41aa19d412331a28e) Importer(815301076,1909f56bfc062723c751e8b465ee728b)  -> (artifact id: 'faf494d9259834020a4e6fdca6661c5a') in 0.010988 seconds 
  Import took 0.018728 seconds .

========================================================================
Received Prepare
Registering precompiled user dll's ...
Registered in 0.009343 seconds.
Begin MonoManager ReloadAssembly
Native extension for WindowsStandalone target not found
Refreshing native plugins compatible for Editor in 1.24 ms, found 2 plugins.
Preloading 0 native plugins for Editor in 0.00 ms.
Mono: successfully reloaded assembly
- Completed reload, in  1.888 seconds
Platform modules already initialized, skipping
Shader 'Universal Render Pipeline/Particles/Lit': fallback shader 'Universal Render Pipeline/Particles/SimpleLit' not found
Refreshing native plugins compatible for Editor in 1.24 ms, found 2 plugins.
Preloading 0 native plugins for Editor in 0.00 ms.
Unloading 3171 Unused Serialized files (Serialized files now loaded: 0)
System memory in use before: 167.7 MB.
System memory in use after: 167.5 MB.

Unloading 18 unused Assets to reduce memory usage. Loaded Objects now: 3842.
Total: 5.006800 ms (FindLiveObjects: 0.447100 ms CreateObjectMapping: 0.201500 ms MarkObjects: 3.634300 ms  DeleteObjects: 0.721300 ms)

AssetImportParameters requested are different than current active one (requested -> active):
  custom:framework-win-MediaFoundation: 216162199b28c13a410421893ffa2e32 -> 
  custom:video-decoder-ogg-theora: a1e56fd34408186e4bbccfd4996cb3dc -> 
  custom:container-muxer-webm: aa71ff27fc2769a1b78a27578f13a17b -> 
  custom:container-demuxer-webm: 4f35f7cbe854078d1ac9338744f61a02 -> 
  custom:container-demuxer-ogg: 62fdf1f143b41e24485cea50d1cbac27 -> 
  custom:video-encoder-webm-vp8: eb34c28f22e8b96e1ab97ce403110664 -> 
  custom:video-decoder-webm-vp8: 9c59270c3fd7afecdb556c50c9e8de78 -> 
  custom:audio-decoder-ogg-vorbis: bf7c407c2cedff20999df2af8eb42d56 -> 
  custom:audio-encoder-webm-vorbis: bf7c407c2cedff20999df2af8eb42d56 -> 
========================================================================
Received Import Request.
  Time since last request: 28.978743 seconds.
  path: Assets/IndentSurface/Scripts/RakeM.cs
  artifactKey: Guid(ea76193f4d89a9a41aa19d412331a28e) Importer(815301076,1909f56bfc062723c751e8b465ee728b)
Start importing Assets/IndentSurface/Scripts/RakeM.cs using Guid(ea76193f4d89a9a41aa19d412331a28e) Importer(815301076,1909f56bfc062723c751e8b465ee728b)  -> (artifact id: 'a01e2d6f1559db79975876ecefc45872') in 0.016710 seconds 
  Import took 0.027400 seconds .

========================================================================
Received Import Request.
  Time since last request: 0.525215 seconds.
  path: Assets/IndentSurface/Scripts/RakeM.cs
  artifactKey: Guid(ea76193f4d89a9a41aa19d412331a28e) Importer(815301076,1909f56bfc062723c751e8b465ee728b)
Start importing Assets/IndentSurface/Scripts/RakeM.cs using Guid(ea76193f4d89a9a41aa19d412331a28e) Importer(815301076,1909f56bfc062723c751e8b465ee728b)  -> (artifact id: 'a01e2d6f1559db79975876ecefc45872') in 0.004228 seconds 
  Import took 0.013277 seconds .

========================================================================
Received Prepare
Registering precompiled user dll's ...
Registered in 0.009350 seconds.
Begin MonoManager ReloadAssembly
Native extension for WindowsStandalone target not found
Refreshing native plugins compatible for Editor in 1.23 ms, found 2 plugins.
Preloading 0 native plugins for Editor in 0.00 ms.
Mono: successfully reloaded assembly
- Completed reload, in  1.980 seconds
Platform modules already initialized, skipping
Shader 'Universal Render Pipeline/Particles/Lit': fallback shader 'Universal Render Pipeline/Particles/SimpleLit' not found
Refreshing native plugins compatible for Editor in 1.34 ms, found 2 plugins.
Preloading 0 native plugins for Editor in 0.00 ms.
Unloading 3171 Unused Serialized files (Serialized files now loaded: 0)
System memory in use before: 167.8 MB.
System memory in use after: 167.5 MB.

Unloading 18 unused Assets to reduce memory usage. Loaded Objects now: 3845.
Total: 5.351200 ms (FindLiveObjects: 0.447200 ms CreateObjectMapping: 0.204400 ms MarkObjects: 3.662000 ms  DeleteObjects: 1.034800 ms)

AssetImportParameters requested are different than current active one (requested -> active):
  custom:framework-win-MediaFoundation: 216162199b28c13a410421893ffa2e32 -> 
  custom:video-decoder-ogg-theora: a1e56fd34408186e4bbccfd4996cb3dc -> 
  custom:container-muxer-webm: aa71ff27fc2769a1b78a27578f13a17b -> 
  custom:container-demuxer-webm: 4f35f7cbe854078d1ac9338744f61a02 -> 
  custom:container-demuxer-ogg: 62fdf1f143b41e24485cea50d1cbac27 -> 
  custom:video-encoder-webm-vp8: eb34c28f22e8b96e1ab97ce403110664 -> 
  custom:video-decoder-webm-vp8: 9c59270c3fd7afecdb556c50c9e8de78 -> 
  custom:audio-decoder-ogg-vorbis: bf7c407c2cedff20999df2af8eb42d56 -> 
  custom:audio-encoder-webm-vorbis: bf7c407c2cedff20999df2af8eb42d56 -> 
