Using pre-set license
Built from '2020.3/release' branch; Version is '2020.3.12f1 (b3b2c6512326) revision 11776710'; Using compiler version '192528614'; Build Type 'Release'
OS: 'Windows 10 Pro; OS build 19041.1348; Version 2004; 64bit' Language: 'en' Physical Memory: 24567 MB
BatchMode: 1, IsHumanControllingUs: 0, StartBugReporterOnCrash: 0, Is64bit: 1, IsPro: 0

 COMMAND LINE ARGUMENTS:
C:\Program Files\Unity\Hub\Editor\2020.3.12f1\Editor\Unity.exe
-adb2
-batchMode
-noUpm
-name
AssetImportWorker0
-projectPath
C:/Users/Eric's Slave/Documents/GitHub/CYH2021/Zen Garden Game
-logFile
Logs/AssetImportWorker0.log
-srvPort
64588
Successfully changed project path to: C:/Users/Eric's Slave/Documents/GitHub/CYH2021/Zen Garden Game
C:/Users/Eric's Slave/Documents/GitHub/CYH2021/Zen Garden Game
Using Asset Import Pipeline V2.
Refreshing native plugins compatible for Editor in 132.08 ms, found 2 plugins.
Preloading 0 native plugins for Editor in 0.00 ms.
Initialize engine version: 2020.3.12f1 (b3b2c6512326)
[Subsystems] Discovering subsystems at path C:/Program Files/Unity/Hub/Editor/2020.3.12f1/Editor/Data/Resources/UnitySubsystems
[Subsystems] Discovering subsystems at path C:/Users/Eric's Slave/Documents/GitHub/CYH2021/Zen Garden Game/Assets
GfxDevice: creating device client; threaded=0
Direct3D:
    Version:  Direct3D 11.0 [level 11.0]
    Renderer: AMD Radeon HD 5800 Series (ID=0x6898)
    Vendor:   
    VRAM:     1010 MB
    Driver:   15.200.1062.1004
Shader 'Universal Render Pipeline/Particles/Lit': fallback shader 'Universal Render Pipeline/Particles/SimpleLit' not found
Initialize mono
Mono path[0] = 'C:/Program Files/Unity/Hub/Editor/2020.3.12f1/Editor/Data/Managed'
Mono path[1] = 'C:/Program Files/Unity/Hub/Editor/2020.3.12f1/Editor/Data/MonoBleedingEdge/lib/mono/unityjit'
Mono config path = 'C:/Program Files/Unity/Hub/Editor/2020.3.12f1/Editor/Data/MonoBleedingEdge/etc'
Using monoOptions --debugger-agent=transport=dt_socket,embedding=1,server=y,suspend=n,address=127.0.0.1:56148
Begin MonoManager ReloadAssembly
Registering precompiled unity dll's ...
Register platform support module: C:/Program Files/Unity/Hub/Editor/2020.3.12f1/Editor/Data/PlaybackEngines/WindowsStandaloneSupport/UnityEditor.WindowsStandalone.Extensions.dll
Registered in 0.004284 seconds.
Native extension for WindowsStandalone target not found
Refreshing native plugins compatible for Editor in 231.68 ms, found 2 plugins.
Preloading 0 native plugins for Editor in 0.00 ms.
Mono: successfully reloaded assembly
- Completed reload, in  2.800 seconds
Platform modules already initialized, skipping
Registering precompiled user dll's ...
Registered in 0.016768 seconds.
Begin MonoManager ReloadAssembly
Native extension for WindowsStandalone target not found
Refreshing native plugins compatible for Editor in 130.29 ms, found 2 plugins.
Preloading 0 native plugins for Editor in 0.00 ms.
Mono: successfully reloaded assembly
- Completed reload, in  2.107 seconds
Platform modules already initialized, skipping
========================================================================
Worker process is ready to serve import requests
Shader 'Universal Render Pipeline/Particles/Lit': fallback shader 'Universal Render Pipeline/Particles/SimpleLit' not found
Launched and connected shader compiler UnityShaderCompiler.exe after 0.05 seconds
Refreshing native plugins compatible for Editor in 1.28 ms, found 2 plugins.
Preloading 0 native plugins for Editor in 0.00 ms.
Unloading 3365 Unused Serialized files (Serialized files now loaded: 0)
System memory in use before: 179.9 MB.
System memory in use after: 173.3 MB.

Unloading 70 unused Assets to reduce memory usage. Loaded Objects now: 3775.
Total: 8.584700 ms (FindLiveObjects: 0.448900 ms CreateObjectMapping: 0.203200 ms MarkObjects: 3.157000 ms  DeleteObjects: 4.773300 ms)

AssetImportParameters requested are different than current active one (requested -> active):
  custom:framework-win-MediaFoundation: 216162199b28c13a410421893ffa2e32 -> 
  custom:video-decoder-ogg-theora: a1e56fd34408186e4bbccfd4996cb3dc -> 
  custom:container-muxer-webm: aa71ff27fc2769a1b78a27578f13a17b -> 
  custom:container-demuxer-webm: 4f35f7cbe854078d1ac9338744f61a02 -> 
  custom:container-demuxer-ogg: 62fdf1f143b41e24485cea50d1cbac27 -> 
  custom:video-encoder-webm-vp8: eb34c28f22e8b96e1ab97ce403110664 -> 
  custom:video-decoder-webm-vp8: 9c59270c3fd7afecdb556c50c9e8de78 -> 
  custom:audio-decoder-ogg-vorbis: bf7c407c2cedff20999df2af8eb42d56 -> 
  custom:audio-encoder-webm-vorbis: bf7c407c2cedff20999df2af8eb42d56 -> 
========================================================================
Received Import Request.
  path: Assets/IndentSurface/Textures/test_texture.jpg
  artifactKey: Guid(aa86b085c54f4b547b44c99adf064675) Importer(815301076,1909f56bfc062723c751e8b465ee728b)
Start importing Assets/IndentSurface/Textures/test_texture.jpg using Guid(aa86b085c54f4b547b44c99adf064675) Importer(815301076,1909f56bfc062723c751e8b465ee728b)  -> (artifact id: 'ba63d9dbb782587d2b3900323f507ba4') in 0.128952 seconds 
  Import took 0.136504 seconds .

========================================================================
Received Import Request.
  Time since last request: 0.000239 seconds.
  path: Assets/IndentSurface/Textures/test_texture2.jpg
  artifactKey: Guid(9aba1b28eada4f84ea7e6b64ce8c472b) Importer(815301076,1909f56bfc062723c751e8b465ee728b)
Start importing Assets/IndentSurface/Textures/test_texture2.jpg using Guid(9aba1b28eada4f84ea7e6b64ce8c472b) Importer(815301076,1909f56bfc062723c751e8b465ee728b)  -> (artifact id: 'ae6103cb63b65da9a2ee007e1baac125') in 0.014325 seconds 
  Import took 0.022650 seconds .

========================================================================
Received Import Request.
  Time since last request: 0.000321 seconds.
  path: Assets/IndentSurface/Textures/test_texture3.jpg
  artifactKey: Guid(ed82fe64eedf21847b00f91e9c6b343e) Importer(815301076,1909f56bfc062723c751e8b465ee728b)
Start importing Assets/IndentSurface/Textures/test_texture3.jpg using Guid(ed82fe64eedf21847b00f91e9c6b343e) Importer(815301076,1909f56bfc062723c751e8b465ee728b)  -> (artifact id: '338b958951f477d1f547f48a17a1c2e8') in 0.028088 seconds 
  Import took 0.037407 seconds .

========================================================================
Received Prepare
Registering precompiled user dll's ...
Registered in 0.009386 seconds.
Begin MonoManager ReloadAssembly
Native extension for WindowsStandalone target not found
Refreshing native plugins compatible for Editor in 1.23 ms, found 2 plugins.
Preloading 0 native plugins for Editor in 0.00 ms.
Mono: successfully reloaded assembly
- Completed reload, in  1.852 seconds
Platform modules already initialized, skipping
Shader 'Universal Render Pipeline/Particles/Lit': fallback shader 'Universal Render Pipeline/Particles/SimpleLit' not found
Refreshing native plugins compatible for Editor in 1.23 ms, found 2 plugins.
Preloading 0 native plugins for Editor in 0.00 ms.
Unloading 3217 Unused Serialized files (Serialized files now loaded: 0)
System memory in use before: 165.8 MB.
System memory in use after: 159.2 MB.

Unloading 65 unused Assets to reduce memory usage. Loaded Objects now: 3783.
Total: 9.229900 ms (FindLiveObjects: 0.438700 ms CreateObjectMapping: 0.200900 ms MarkObjects: 3.581500 ms  DeleteObjects: 5.005800 ms)

AssetImportParameters requested are different than current active one (requested -> active):
  custom:framework-win-MediaFoundation: 216162199b28c13a410421893ffa2e32 -> 
  custom:video-decoder-ogg-theora: a1e56fd34408186e4bbccfd4996cb3dc -> 
  custom:container-muxer-webm: aa71ff27fc2769a1b78a27578f13a17b -> 
  custom:container-demuxer-webm: 4f35f7cbe854078d1ac9338744f61a02 -> 
  custom:container-demuxer-ogg: 62fdf1f143b41e24485cea50d1cbac27 -> 
  custom:video-encoder-webm-vp8: eb34c28f22e8b96e1ab97ce403110664 -> 
  custom:video-decoder-webm-vp8: 9c59270c3fd7afecdb556c50c9e8de78 -> 
  custom:audio-decoder-ogg-vorbis: bf7c407c2cedff20999df2af8eb42d56 -> 
  custom:audio-encoder-webm-vorbis: bf7c407c2cedff20999df2af8eb42d56 -> 
========================================================================
Received Prepare
Registering precompiled user dll's ...
Registered in 0.009371 seconds.
Begin MonoManager ReloadAssembly
Native extension for WindowsStandalone target not found
Refreshing native plugins compatible for Editor in 1.23 ms, found 2 plugins.
Preloading 0 native plugins for Editor in 0.00 ms.
Mono: successfully reloaded assembly
- Completed reload, in  1.835 seconds
Platform modules already initialized, skipping
Shader 'Universal Render Pipeline/Particles/Lit': fallback shader 'Universal Render Pipeline/Particles/SimpleLit' not found
Refreshing native plugins compatible for Editor in 1.66 ms, found 2 plugins.
Preloading 0 native plugins for Editor in 0.00 ms.
Unloading 3217 Unused Serialized files (Serialized files now loaded: 0)
System memory in use before: 165.8 MB.
System memory in use after: 159.3 MB.

Unloading 65 unused Assets to reduce memory usage. Loaded Objects now: 3786.
Total: 9.256200 ms (FindLiveObjects: 0.439400 ms CreateObjectMapping: 0.200300 ms MarkObjects: 3.389000 ms  DeleteObjects: 5.225100 ms)

AssetImportParameters requested are different than current active one (requested -> active):
  custom:framework-win-MediaFoundation: 216162199b28c13a410421893ffa2e32 -> 
  custom:video-decoder-ogg-theora: a1e56fd34408186e4bbccfd4996cb3dc -> 
  custom:container-muxer-webm: aa71ff27fc2769a1b78a27578f13a17b -> 
  custom:container-demuxer-webm: 4f35f7cbe854078d1ac9338744f61a02 -> 
  custom:container-demuxer-ogg: 62fdf1f143b41e24485cea50d1cbac27 -> 
  custom:video-encoder-webm-vp8: eb34c28f22e8b96e1ab97ce403110664 -> 
  custom:video-decoder-webm-vp8: 9c59270c3fd7afecdb556c50c9e8de78 -> 
  custom:audio-decoder-ogg-vorbis: bf7c407c2cedff20999df2af8eb42d56 -> 
  custom:audio-encoder-webm-vorbis: bf7c407c2cedff20999df2af8eb42d56 -> 
========================================================================
Received Import Request.
  Time since last request: 511.293274 seconds.
  path: Assets/IndentSurface/Textures/Snow/snow_alb.png
  artifactKey: Guid(0d2238dd83c924344803ba7fe6d30e60) Importer(815301076,1909f56bfc062723c751e8b465ee728b)
Start importing Assets/IndentSurface/Textures/Snow/snow_alb.png using Guid(0d2238dd83c924344803ba7fe6d30e60) Importer(815301076,1909f56bfc062723c751e8b465ee728b)  -> (artifact id: '243e8feed8e7bda7f314765ef580ed02') in 0.063420 seconds 
  Import took 0.071204 seconds .

========================================================================
Received Import Request.
  Time since last request: 0.000230 seconds.
  path: Assets/IndentSurface/Textures/Snow/snow_n.png
  artifactKey: Guid(1365047035fe2d747b11cc5addf29cbc) Importer(815301076,1909f56bfc062723c751e8b465ee728b)
Start importing Assets/IndentSurface/Textures/Snow/snow_n.png using Guid(1365047035fe2d747b11cc5addf29cbc) Importer(815301076,1909f56bfc062723c751e8b465ee728b)  -> (artifact id: '65a726256721cdcc1da578689f89a6e5') in 0.073868 seconds 
  Import took 0.081460 seconds .

========================================================================
Received Import Request.
  Time since last request: 0.000233 seconds.
  path: Assets/IndentSurface/Textures/Snow/snow_s.png
  artifactKey: Guid(63b5a8e43204ac44e88ad22abb9edc40) Importer(815301076,1909f56bfc062723c751e8b465ee728b)
Start importing Assets/IndentSurface/Textures/Snow/snow_s.png using Guid(63b5a8e43204ac44e88ad22abb9edc40) Importer(815301076,1909f56bfc062723c751e8b465ee728b)  -> (artifact id: '41fe6fdf9cff1bedd4f48b94935bc83f') in 0.018000 seconds 
  Import took 0.025359 seconds .

========================================================================
Received Import Request.
  Time since last request: 0.000300 seconds.
  path: Assets/IndentSurface/Textures/Snow/snow_n.png
  artifactKey: Guid(1365047035fe2d747b11cc5addf29cbc) Importer(815301076,1909f56bfc062723c751e8b465ee728b)
Start importing Assets/IndentSurface/Textures/Snow/snow_n.png using Guid(1365047035fe2d747b11cc5addf29cbc) Importer(815301076,1909f56bfc062723c751e8b465ee728b)  -> (artifact id: '65a726256721cdcc1da578689f89a6e5') in 0.023619 seconds 
  Import took 0.032206 seconds .

========================================================================
Received Import Request.
  Time since last request: 0.000241 seconds.
  path: Assets/IndentSurface/Textures/Snow/snow_occ.png
  artifactKey: Guid(a3696326ef43d2c4e9cee963d507a929) Importer(815301076,1909f56bfc062723c751e8b465ee728b)
Start importing Assets/IndentSurface/Textures/Snow/snow_occ.png using Guid(a3696326ef43d2c4e9cee963d507a929) Importer(815301076,1909f56bfc062723c751e8b465ee728b)  -> (artifact id: '04d1547d6e4d02442902f2198567de4d') in 0.021897 seconds 
  Import took 0.029570 seconds .

========================================================================
Received Import Request.
  Time since last request: 0.000250 seconds.
  path: Assets/IndentSurface/Textures/Snow/snow_s.tga
  artifactKey: Guid(62864d12879b7bf478c54ec724ed99ba) Importer(815301076,1909f56bfc062723c751e8b465ee728b)
Start importing Assets/IndentSurface/Textures/Snow/snow_s.tga using Guid(62864d12879b7bf478c54ec724ed99ba) Importer(815301076,1909f56bfc062723c751e8b465ee728b)  -> (artifact id: 'f7ffa9abda7f6e03caed1e782451fad9') in 0.021755 seconds 
  Import took 0.029201 seconds .

========================================================================
Received Import Request.
  Time since last request: 1.320269 seconds.
  path: Assets/IndentSurface/Textures/stamps/Indendt16x16.png
  artifactKey: Guid(7a2fb92e75000dc4e8ae382fa8b75d05) Importer(815301076,1909f56bfc062723c751e8b465ee728b)
Start importing Assets/IndentSurface/Textures/stamps/Indendt16x16.png using Guid(7a2fb92e75000dc4e8ae382fa8b75d05) Importer(815301076,1909f56bfc062723c751e8b465ee728b)  -> (artifact id: '6003e4263df49d30289d928f7cb7c663') in 0.012317 seconds 
  Import took 0.021171 seconds .

========================================================================
Received Import Request.
  Time since last request: 0.000256 seconds.
  path: Assets/IndentSurface/Textures/stamps/Indendt32x32_norim.png
  artifactKey: Guid(1d7b541f76d676047a55de961a2dd2d5) Importer(815301076,1909f56bfc062723c751e8b465ee728b)
Start importing Assets/IndentSurface/Textures/stamps/Indendt32x32_norim.png using Guid(1d7b541f76d676047a55de961a2dd2d5) Importer(815301076,1909f56bfc062723c751e8b465ee728b)  -> (artifact id: 'a955961119e0daa5293c557380a815ea') in 0.012741 seconds 
  Import took 0.019950 seconds .

========================================================================
Received Import Request.
  Time since last request: 0.000298 seconds.
  path: Assets/IndentSurface/Textures/stamps/Indendt32x32.png
  artifactKey: Guid(346496a7b10ae8d4e9fb5fe51f9e606f) Importer(815301076,1909f56bfc062723c751e8b465ee728b)
Start importing Assets/IndentSurface/Textures/stamps/Indendt32x32.png using Guid(346496a7b10ae8d4e9fb5fe51f9e606f) Importer(815301076,1909f56bfc062723c751e8b465ee728b)  -> (artifact id: '90b9d58c664b413b0f0d220220e08ed6') in 0.014599 seconds 
  Import took 0.022851 seconds .

========================================================================
Received Import Request.
  Time since last request: 4.509461 seconds.
  path: Assets/IndentSurface/Textures/stamps/8x8.png
  artifactKey: Guid(667595aaf704467448f2b46d9c49e28e) Importer(815301076,1909f56bfc062723c751e8b465ee728b)
Start importing Assets/IndentSurface/Textures/stamps/8x8.png using Guid(667595aaf704467448f2b46d9c49e28e) Importer(815301076,1909f56bfc062723c751e8b465ee728b)  -> (artifact id: 'eaf2815732c885831da1e10735d14f32') in 0.018401 seconds 
  Import took 0.026128 seconds .

========================================================================
Received Import Request.
  Time since last request: 9.953135 seconds.
  path: Assets/IndentSurface/Textures/stamps/8x8.png
  artifactKey: Guid(667595aaf704467448f2b46d9c49e28e) Importer(815301076,1909f56bfc062723c751e8b465ee728b)
Start importing Assets/IndentSurface/Textures/stamps/8x8.png using Guid(667595aaf704467448f2b46d9c49e28e) Importer(815301076,1909f56bfc062723c751e8b465ee728b)  -> (artifact id: 'd3fbae6f6ae0bc1f31c147e21b1f5f78') in 0.013641 seconds 
  Import took 0.022835 seconds .

========================================================================
Received Import Request.
  Time since last request: 32.988732 seconds.
  path: Assets/IndentSurface/Textures/stamps/8x8.png
  artifactKey: Guid(667595aaf704467448f2b46d9c49e28e) Importer(815301076,1909f56bfc062723c751e8b465ee728b)
Start importing Assets/IndentSurface/Textures/stamps/8x8.png using Guid(667595aaf704467448f2b46d9c49e28e) Importer(815301076,1909f56bfc062723c751e8b465ee728b)  -> (artifact id: '699a3efb8450abf45320d4237ba2aa2e') in 0.014556 seconds 
  Import took 0.022030 seconds .

========================================================================
Received Import Request.
  Time since last request: 6.933854 seconds.
  path: Assets/IndentSurface/Textures/stamps/8x8.png
  artifactKey: Guid(667595aaf704467448f2b46d9c49e28e) Importer(815301076,1909f56bfc062723c751e8b465ee728b)
Start importing Assets/IndentSurface/Textures/stamps/8x8.png using Guid(667595aaf704467448f2b46d9c49e28e) Importer(815301076,1909f56bfc062723c751e8b465ee728b)  -> (artifact id: '1587db50f8916977d05ca1591c7ca5c1') in 0.013374 seconds 
  Import took 0.021200 seconds .

========================================================================
Received Prepare
Registering precompiled user dll's ...
Registered in 0.009847 seconds.
Begin MonoManager ReloadAssembly
Native extension for WindowsStandalone target not found
Refreshing native plugins compatible for Editor in 1.26 ms, found 2 plugins.
Preloading 0 native plugins for Editor in 0.00 ms.
Mono: successfully reloaded assembly
- Completed reload, in  1.835 seconds
Platform modules already initialized, skipping
Shader 'Universal Render Pipeline/Particles/Lit': fallback shader 'Universal Render Pipeline/Particles/SimpleLit' not found
Refreshing native plugins compatible for Editor in 1.25 ms, found 2 plugins.
Preloading 0 native plugins for Editor in 0.00 ms.
Unloading 3217 Unused Serialized files (Serialized files now loaded: 0)
System memory in use before: 168.9 MB.
System memory in use after: 162.4 MB.

Unloading 65 unused Assets to reduce memory usage. Loaded Objects now: 3795.
Total: 11.581100 ms (FindLiveObjects: 0.439500 ms CreateObjectMapping: 0.199900 ms MarkObjects: 3.238400 ms  DeleteObjects: 7.700500 ms)

AssetImportParameters requested are different than current active one (requested -> active):
  custom:framework-win-MediaFoundation: 216162199b28c13a410421893ffa2e32 -> 
  custom:video-decoder-ogg-theora: a1e56fd34408186e4bbccfd4996cb3dc -> 
  custom:container-muxer-webm: aa71ff27fc2769a1b78a27578f13a17b -> 
  custom:container-demuxer-webm: 4f35f7cbe854078d1ac9338744f61a02 -> 
  custom:container-demuxer-ogg: 62fdf1f143b41e24485cea50d1cbac27 -> 
  custom:video-encoder-webm-vp8: eb34c28f22e8b96e1ab97ce403110664 -> 
  custom:video-decoder-webm-vp8: 9c59270c3fd7afecdb556c50c9e8de78 -> 
  custom:audio-decoder-ogg-vorbis: bf7c407c2cedff20999df2af8eb42d56 -> 
  custom:audio-encoder-webm-vorbis: bf7c407c2cedff20999df2af8eb42d56 -> 
========================================================================
Received Import Request.
  Time since last request: 281.645311 seconds.
  path: Assets/IndentSurface/Textures/stamps/8x8 1.png
  artifactKey: Guid(93c696712c23a5740975db144c572b67) Importer(815301076,1909f56bfc062723c751e8b465ee728b)
Start importing Assets/IndentSurface/Textures/stamps/8x8 1.png using Guid(93c696712c23a5740975db144c572b67) Importer(815301076,1909f56bfc062723c751e8b465ee728b)  -> (artifact id: '5efd01809b8256e976c9ac673879d3c9') in 0.065339 seconds 
  Import took 0.073500 seconds .

========================================================================
Received Import Request.
  Time since last request: 14.397388 seconds.
  path: Assets/IndentSurface/Textures/stamps/8x8 1.png
  artifactKey: Guid(93c696712c23a5740975db144c572b67) Importer(815301076,1909f56bfc062723c751e8b465ee728b)
Start importing Assets/IndentSurface/Textures/stamps/8x8 1.png using Guid(93c696712c23a5740975db144c572b67) Importer(815301076,1909f56bfc062723c751e8b465ee728b)  -> (artifact id: '525104de4b0a092a38b89fbda9d0a7a9') in 0.014054 seconds 
  Import took 0.022050 seconds .

========================================================================
Received Prepare
Registering precompiled user dll's ...
Registered in 0.009450 seconds.
Begin MonoManager ReloadAssembly
Native extension for WindowsStandalone target not found
Refreshing native plugins compatible for Editor in 1.31 ms, found 2 plugins.
Preloading 0 native plugins for Editor in 0.00 ms.
Mono: successfully reloaded assembly
- Completed reload, in  1.846 seconds
Platform modules already initialized, skipping
Shader 'Universal Render Pipeline/Particles/Lit': fallback shader 'Universal Render Pipeline/Particles/SimpleLit' not found
Refreshing native plugins compatible for Editor in 1.81 ms, found 2 plugins.
Preloading 0 native plugins for Editor in 0.00 ms.
Unloading 3217 Unused Serialized files (Serialized files now loaded: 0)
System memory in use before: 168.8 MB.
System memory in use after: 162.4 MB.

Unloading 65 unused Assets to reduce memory usage. Loaded Objects now: 3798.
Total: 9.736300 ms (FindLiveObjects: 0.492800 ms CreateObjectMapping: 0.317400 ms MarkObjects: 3.329900 ms  DeleteObjects: 5.593300 ms)

AssetImportParameters requested are different than current active one (requested -> active):
  custom:framework-win-MediaFoundation: 216162199b28c13a410421893ffa2e32 -> 
  custom:video-decoder-ogg-theora: a1e56fd34408186e4bbccfd4996cb3dc -> 
  custom:container-muxer-webm: aa71ff27fc2769a1b78a27578f13a17b -> 
  custom:container-demuxer-webm: 4f35f7cbe854078d1ac9338744f61a02 -> 
  custom:container-demuxer-ogg: 62fdf1f143b41e24485cea50d1cbac27 -> 
  custom:video-encoder-webm-vp8: eb34c28f22e8b96e1ab97ce403110664 -> 
  custom:video-decoder-webm-vp8: 9c59270c3fd7afecdb556c50c9e8de78 -> 
  custom:audio-decoder-ogg-vorbis: bf7c407c2cedff20999df2af8eb42d56 -> 
  custom:audio-encoder-webm-vorbis: bf7c407c2cedff20999df2af8eb42d56 -> 
========================================================================
Received Prepare
Registering precompiled user dll's ...
Registered in 0.014692 seconds.
Begin MonoManager ReloadAssembly
Native extension for WindowsStandalone target not found
Refreshing native plugins compatible for Editor in 1.26 ms, found 2 plugins.
Preloading 0 native plugins for Editor in 0.00 ms.
Mono: successfully reloaded assembly
- Completed reload, in  1.873 seconds
Platform modules already initialized, skipping
Shader 'Universal Render Pipeline/Particles/Lit': fallback shader 'Universal Render Pipeline/Particles/SimpleLit' not found
Refreshing native plugins compatible for Editor in 1.37 ms, found 2 plugins.
Preloading 0 native plugins for Editor in 0.00 ms.
Unloading 3217 Unused Serialized files (Serialized files now loaded: 0)
System memory in use before: 168.9 MB.
System memory in use after: 162.4 MB.

Unloading 65 unused Assets to reduce memory usage. Loaded Objects now: 3801.
Total: 9.440300 ms (FindLiveObjects: 0.438900 ms CreateObjectMapping: 0.203800 ms MarkObjects: 3.314200 ms  DeleteObjects: 5.480800 ms)

AssetImportParameters requested are different than current active one (requested -> active):
  custom:framework-win-MediaFoundation: 216162199b28c13a410421893ffa2e32 -> 
  custom:video-decoder-ogg-theora: a1e56fd34408186e4bbccfd4996cb3dc -> 
  custom:container-muxer-webm: aa71ff27fc2769a1b78a27578f13a17b -> 
  custom:container-demuxer-webm: 4f35f7cbe854078d1ac9338744f61a02 -> 
  custom:container-demuxer-ogg: 62fdf1f143b41e24485cea50d1cbac27 -> 
  custom:video-encoder-webm-vp8: eb34c28f22e8b96e1ab97ce403110664 -> 
  custom:video-decoder-webm-vp8: 9c59270c3fd7afecdb556c50c9e8de78 -> 
  custom:audio-decoder-ogg-vorbis: bf7c407c2cedff20999df2af8eb42d56 -> 
  custom:audio-encoder-webm-vorbis: bf7c407c2cedff20999df2af8eb42d56 -> 
========================================================================
Received Prepare
Registering precompiled user dll's ...
Registered in 0.009468 seconds.
Begin MonoManager ReloadAssembly
Native extension for WindowsStandalone target not found
Refreshing native plugins compatible for Editor in 1.25 ms, found 2 plugins.
Preloading 0 native plugins for Editor in 0.00 ms.
Mono: successfully reloaded assembly
- Completed reload, in  1.799 seconds
Platform modules already initialized, skipping
Shader 'Universal Render Pipeline/Particles/Lit': fallback shader 'Universal Render Pipeline/Particles/SimpleLit' not found
Refreshing native plugins compatible for Editor in 1.27 ms, found 2 plugins.
Preloading 0 native plugins for Editor in 0.00 ms.
Unloading 3217 Unused Serialized files (Serialized files now loaded: 0)
System memory in use before: 168.9 MB.
System memory in use after: 162.4 MB.

Unloading 65 unused Assets to reduce memory usage. Loaded Objects now: 3804.
Total: 9.300900 ms (FindLiveObjects: 0.436900 ms CreateObjectMapping: 0.202400 ms MarkObjects: 3.251700 ms  DeleteObjects: 5.407200 ms)

AssetImportParameters requested are different than current active one (requested -> active):
  custom:framework-win-MediaFoundation: 216162199b28c13a410421893ffa2e32 -> 
  custom:video-decoder-ogg-theora: a1e56fd34408186e4bbccfd4996cb3dc -> 
  custom:container-muxer-webm: aa71ff27fc2769a1b78a27578f13a17b -> 
  custom:container-demuxer-webm: 4f35f7cbe854078d1ac9338744f61a02 -> 
  custom:container-demuxer-ogg: 62fdf1f143b41e24485cea50d1cbac27 -> 
  custom:video-encoder-webm-vp8: eb34c28f22e8b96e1ab97ce403110664 -> 
  custom:video-decoder-webm-vp8: 9c59270c3fd7afecdb556c50c9e8de78 -> 
  custom:audio-decoder-ogg-vorbis: bf7c407c2cedff20999df2af8eb42d56 -> 
  custom:audio-encoder-webm-vorbis: bf7c407c2cedff20999df2af8eb42d56 -> 
AssetImportWorkerClient::OnTransportError - code=2 error=End of file
